#
# A fatal error has been detected by the Java Runtime Environment:
#
#  SIGSEGV (0xb) at pc=0x00007fff204975d2, pid=91633, tid=5891
#
# JRE version:  (11.0.6+8) (build )
# Java VM: OpenJDK 64-Bit Server VM (11.0.6+8-b765.1, mixed mode, sharing, tiered, compressed oops, g1 gc, bsd-amd64)
# Problematic frame:
# C  [libsystem_platform.dylib+0x15d2]  _platform_strlen+0x12
#
# No core dump will be written. Core dumps have been disabled. To enable core dumping, try "ulimit -c unlimited" before starting Java again
#
# If you would like to submit a bug report, please visit:
#   http://bugreport.java.com/bugreport/crash.jsp
#

---------------  S U M M A R Y ------------

Command Line: getsp -test

Host: MacBookPro15,1 x86_64 2600 MHz, 12 cores, 16G, Darwin 20.3.0
Time: Fri Nov  5 21:25:54 2021 CET elapsed time: 0 seconds (0d 0h 0m 0s)

---------------  T H R E A D  ---------------

Current thread (0x00007f827f81c800):  JavaThread "Unknown thread" [_thread_in_vm, id=5891, stack(0x000070000f326000,0x000070000f426000)]

Stack: [0x000070000f326000,0x000070000f426000],  sp=0x000070000f425b70,  free space=1022k
Native frames: (J=compiled Java code, A=aot compiled Java code, j=interpreted, Vv=VM code, C=native code)
C  [libsystem_platform.dylib+0x15d2]  _platform_strlen+0x12
V  [libjvm.dylib+0x1ea187]  ClassLoader::setup_boot_search_path(char const*)+0x1d
V  [libjvm.dylib+0x1ecb76]  ClassLoader::initialize()+0x5d8
V  [libjvm.dylib+0x37e881]  init_globals()+0x2d
V  [libjvm.dylib+0x6f1587]  Threads::create_vm(JavaVMInitArgs*, bool*)+0x285
V  [libjvm.dylib+0x3ed088]  JNI_CreateJavaVM+0x60
C  [libjli.dylib+0x412b]  JavaMain+0x10b
C  [libsystem_pthread.dylib+0x6950]  _pthread_start+0xe0
C  [libsystem_pthread.dylib+0x247b]  thread_start+0xf


siginfo: si_signo: 11 (SIGSEGV), si_code: 1 (SEGV_MAPERR), si_addr: 0x0000000000000000

Registers:
RAX=0x00000001131368f2, RBX=0x0000000113139990, RCX=0x0000000000000000, RDX=0x0000000000000000
RSP=0x000070000f425b70, RBP=0x000070000f425b70, RSI=0x0000000000000000, RDI=0x0000000000000000
R8 =0x0000000000000000, R9 =0x0000000000000000, R10=0x0000000000000000, R11=0x0000000000000000
R12=0x00007f827f81c800, R13=0x000070000f425f80, R14=0x0000000112daabfa, R15=0x000070000f425ef7
RIP=0x00007fff204975d2, EFLAGS=0x0000000000010246, ERR=0x0000000000000004
  TRAPNO=0x000000000000000e

Top of Stack: (sp=0x000070000f425b70)
0x000070000f425b70:   000070000f425c90 00000001129ea187
0x000070000f425b80:   00007f827f41a250 0000000000000008
0x000070000f425b90:   00007f827f4187d0 0000000000000040
0x000070000f425ba0:   000070000f425bd0 0000000112e2447c
0x000070000f425bb0:   0000000000000038 0000000000000008
0x000070000f425bc0:   00007f827f41d220 0000000000000040
0x000070000f425bd0:   000070000f425c30 0000000112e22a69
0x000070000f425be0:   000070000f425c10 0000000112dcd869
0x000070000f425bf0:   00007f827f41a250 00007f827f41d220
0x000070000f425c00:   00007f827f41a010 00007f827f418850
0x000070000f425c10:   000070000f425c50 0000000112e230ec
0x000070000f425c20:   00007f827f41d220 00007f827f41d220
0x000070000f425c30:   0000000000000004 0000000112f83b18
0x000070000f425c40:   000000000000000b 0000000000000000
0x000070000f425c50:   5055c7bb91bd00be 0000000000000000
0x000070000f425c60:   0000000112daabfa 0000000113139990
0x000070000f425c70:   00007f827f81c800 000070000f425f80
0x000070000f425c80:   0000000112daabfa 000070000f425ef7
0x000070000f425c90:   000070000f425cc0 00000001129ecb76
0x000070000f425ca0:   00007f827f81c800 00007f827f81c800
0x000070000f425cb0:   0000000113139990 0000000112daabfa
0x000070000f425cc0:   000070000f425d10 0000000112b7e881
0x000070000f425cd0:   00007f827f81c800 00007f827f41a690
0x000070000f425ce0:   00007f827f41a160 00007f827f41a170
0x000070000f425cf0:   00007f827f41a248 00000000000000d8
0x000070000f425d00:   00007f827f419f90 0000000113139990
0x000070000f425d10:   000070000f425ea0 0000000112ef1587
0x000070000f425d20:   0000000000000000 0000000000000000
0x000070000f425d30:   0000000000000000 0000000000000000
0x000070000f425d40:   0000000000000000 0000000000000000
0x000070000f425d50:   0000000000000000 0000000000000000
0x000070000f425d60:   0000000000000100 0000000000000000 

Instructions: (pc=0x00007fff204975d2)
0x00007fff204974d2:   74 09 48 83 c1 01 48 39 d1 72 e3 5d c3 90 55 48
0x00007fff204974e2:   89 e5 48 81 e6 ff 00 00 00 48 0f af 35 f5 64 00
0x00007fff204974f2:   00 66 48 0f 6e c6 48 89 f8 48 83 fa 40 0f 82 92
0x00007fff20497502:   00 00 00 48 81 fa 00 80 00 00 0f 82 3e 00 00 00
0x00007fff20497512:   e9 28 00 00 00 66 0f 1f 84 00 00 00 00 00 55 48
0x00007fff20497522:   89 e5 48 89 f2 48 31 f6 0f 57 c0 48 89 f8 48 83
0x00007fff20497532:   fa 40 72 61 48 81 fa 00 80 00 00 72 11 48 89 d1
0x00007fff20497542:   48 89 f0 48 89 fa fc f3 aa 48 89 d0 5d c3 c4 e2
0x00007fff20497552:   7d 18 c0 c5 fc 11 07 48 83 c7 20 48 83 e7 e0 48
0x00007fff20497562:   89 f9 48 29 c1 48 29 ca 48 83 ea 40 76 13 c5 fc
0x00007fff20497572:   29 07 c5 fc 29 47 20 48 83 c7 40 48 83 ea 40 77
0x00007fff20497582:   ed c5 fc 11 04 17 c5 fc 11 44 17 20 c5 f8 77 5d
0x00007fff20497592:   c3 48 89 34 17 48 83 ea 08 73 f6 48 83 c2 08 74
0x00007fff204975a2:   0b 40 88 74 17 ff 48 83 ea 01 75 f5 5d c3 90 90
0x00007fff204975b2:   90 90 90 90 90 90 90 90 90 90 90 90 90 90 55 48
0x00007fff204975c2:   89 e5 48 89 f9 48 89 fa 48 83 e7 f0 66 0f ef c0
0x00007fff204975d2:   66 0f 74 07 66 0f d7 f0 48 83 e1 0f 48 83 c8 ff
0x00007fff204975e2:   48 d3 e0 21 c6 74 17 0f bc c6 48 29 d7 48 01 f8
0x00007fff204975f2:   5d c3 66 2e 0f 1f 84 00 00 00 00 00 66 90 48 83
0x00007fff20497602:   c7 10 66 0f ef c0 66 0f 74 07 66 0f d7 f0 85 f6
0x00007fff20497612:   74 ec eb d3 65 48 8b 0c 25 18 00 00 00 41 89 c8
0x00007fff20497622:   31 c0 f0 4c 0f b1 07 0f 85 72 20 00 00 e9 00 00
0x00007fff20497632:   00 00 55 48 89 e5 41 56 53 41 89 ce 48 89 fb 48
0x00007fff20497642:   89 f7 ff d2 48 c7 c6 ff ff ff ff 48 87 33 44 39
0x00007fff20497652:   f6 75 05 5b 41 5e 5d c3 48 89 df 44 89 f2 5b 41
0x00007fff20497662:   5e 5d e9 15 21 00 00 65 8b 14 25 18 00 00 00 31
0x00007fff20497672:   c0 f0 0f b1 17 75 01 c3 31 f6 e9 22 0a 00 00 55
0x00007fff20497682:   48 89 e5 8b 3f 89 f8 83 c8 01 65 3b 04 25 18 00
0x00007fff20497692:   00 00 75 02 5d c3 e8 12 5f 00 00 90 90 90 ba ff
0x00007fff204976a2:   ff ff ff 0f bc c7 0f 44 c2 ff c0 c3 66 90 ba ff
0x00007fff204976b2:   ff ff ff 48 0f bc c7 0f 44 c2 ff c0 c3 90 ba ff
0x00007fff204976c2:   ff ff ff 0f bd c7 0f 44 c2 ff c0 c3 66 90 ba ff 



---------------  P R O C E S S  ---------------

Threads class SMR info:
_java_thread_list=0x00007f827f604c50, length=0, elements={
}

Java Threads: ( => current thread )

Other Threads:

[error occurred during error reporting (printing all threads), id 0xb, SIGSEGV (0xb) at pc=0x0000000112ef28a2]

VM state:not at safepoint (not fully initialized)

VM Mutex/Monitor currently owned by a thread: None


[error occurred during error reporting (printing compressed oops mode), id 0xb, SIGSEGV (0xb) at pc=0x0000000112f09904]

Deoptimization events (0 events):
No events

Classes redefined (0 events):
No events

Internal exceptions (0 events):
No events

Events (3 events):
Event: 0.011 Protecting memory [0x000070000f326000,0x000070000f32a000] with protection modes 0
Event: 0.013 Loaded shared library /Users/zhangjin/anaconda3/lib/libzip.dylib
Event: 0.015 Loaded shared library /Users/zhangjin/anaconda3/lib/libjimage.dylib


Dynamic libraries:
0x00007fff350e1000 	/System/Library/Frameworks/Cocoa.framework/Versions/A/Cocoa
0x00007fff22306000 	/System/Library/Frameworks/Security.framework/Versions/A/Security
0x00007fff332de000 	/System/Library/Frameworks/ApplicationServices.framework/Versions/A/ApplicationServices
0x00007fff2a58f000 	/usr/lib/libz.1.dylib
0x000000010c072000 	/Users/zhangjin/anaconda3/lib/jli/libjli.dylib
0x00007fff2a657000 	/usr/lib/libSystem.B.dylib
0x00007fff22d2d000 	/System/Library/Frameworks/AppKit.framework/Versions/C/AppKit
0x00007fff25bc5000 	/System/Library/Frameworks/CoreData.framework/Versions/A/CoreData
0x00007fff21279000 	/System/Library/Frameworks/Foundation.framework/Versions/C/Foundation
0x00007fff23a90000 	/System/Library/PrivateFrameworks/UIFoundation.framework/Versions/A/UIFoundation
0x00007fff2fcbd000 	/System/Library/PrivateFrameworks/RemoteViewServices.framework/Versions/A/RemoteViewServices
0x00007fff28ab6000 	/System/Library/PrivateFrameworks/XCTTargetBootstrap.framework/Versions/A/XCTTargetBootstrap
0x00007fff2b797000 	/usr/lib/libspindump.dylib
0x00007fff23ce5000 	/System/Library/Frameworks/UniformTypeIdentifiers.framework/Versions/A/UniformTypeIdentifiers
0x00007fff2728c000 	/usr/lib/libapp_launch_measurement.dylib
0x00007fff2728f000 	/System/Library/PrivateFrameworks/CoreAutoLayout.framework/Versions/A/CoreAutoLayout
0x00007fff28418000 	/System/Library/Frameworks/Metal.framework/Versions/A/Metal
0x00007fff29108000 	/usr/lib/liblangid.dylib
0x00007fff28aba000 	/System/Library/PrivateFrameworks/CoreSVG.framework/Versions/A/CoreSVG
0x00007fff24ccc000 	/System/Library/PrivateFrameworks/SkyLight.framework/Versions/A/SkyLight
0x00007fff25033000 	/System/Library/Frameworks/CoreGraphics.framework/Versions/A/CoreGraphics
0x00007fff30314000 	/System/Library/Frameworks/Accelerate.framework/Versions/A/Accelerate
0x00007fff2b1d2000 	/System/Library/PrivateFrameworks/IconServices.framework/Versions/A/IconServices
0x00007fff283fd000 	/System/Library/Frameworks/IOSurface.framework/Versions/A/IOSurface
0x00007fff2654e000 	/usr/lib/libDiagnosticMessagesClient.dylib
0x00007fff28aa2000 	/System/Library/PrivateFrameworks/DFRFoundation.framework/Versions/A/DFRFoundation
0x00007fff22658000 	/usr/lib/libicucore.A.dylib
0x00007fff2ccde000 	/System/Library/Frameworks/AudioToolbox.framework/Versions/A/AudioToolbox
0x00007fff2bf83000 	/System/Library/PrivateFrameworks/DataDetectorsCore.framework/Versions/A/DataDetectorsCore
0x00007fff287a2000 	/System/Library/Frameworks/Carbon.framework/Versions/A/Frameworks/HIToolbox.framework/Versions/A/HIToolbox
0x00007fff26ce7000 	/System/Library/Frameworks/QuartzCore.framework/Versions/A/QuartzCore
0x00007fff2fcf9000 	/System/Library/Frameworks/Carbon.framework/Versions/A/Frameworks/SpeechRecognition.framework/Versions/A/SpeechRecognition
0x00007fff26ff4000 	/System/Library/PrivateFrameworks/CoreUI.framework/Versions/A/CoreUI
0x00007fff21c61000 	/System/Library/Frameworks/CoreAudio.framework/Versions/A/CoreAudio
0x00007fff26639000 	/System/Library/Frameworks/DiskArbitration.framework/Versions/A/DiskArbitration
0x00007fff2bb92000 	/System/Library/PrivateFrameworks/MultitouchSupport.framework/Versions/A/MultitouchSupport
0x00007fff2bf7a000 	/System/Library/PrivateFrameworks/InternationalSupport.framework/Versions/A/InternationalSupport
0x00007fff24c40000 	/usr/lib/libenergytrace.dylib
0x00007fff22c26000 	/System/Library/Frameworks/IOKit.framework/Versions/A/IOKit
0x00007fff30046000 	/System/Library/Frameworks/CoreServices.framework/Versions/A/CoreServices
0x00007fff27222000 	/System/Library/PrivateFrameworks/PerformanceAnalysis.framework/Versions/A/PerformanceAnalysis
0x00007fff6c9b0000 	/System/Library/Frameworks/OpenGL.framework/Versions/A/OpenGL
0x00007fff2bfff000 	/System/Library/PrivateFrameworks/UserActivity.framework/Versions/A/UserActivity
0x00007fff202ec000 	/usr/lib/libobjc.A.dylib
0x00007fff256c7000 	/System/Library/Frameworks/ColorSync.framework/Versions/A/ColorSync
0x00007fff204cc000 	/System/Library/Frameworks/CoreFoundation.framework/Versions/A/CoreFoundation
0x00007fff28d1f000 	/System/Library/Frameworks/CoreImage.framework/Versions/A/CoreImage
0x00007fff21a78000 	/System/Library/Frameworks/CoreText.framework/Versions/A/CoreText
0x00007fff28ae4000 	/System/Library/Frameworks/ImageIO.framework/Versions/A/ImageIO
0x00007fff2a65d000 	/System/Library/PrivateFrameworks/SoftLinking.framework/Versions/A/SoftLinking
0x00007fff272d8000 	/usr/lib/libxml2.2.dylib
0x00007fff203b1000 	/usr/lib/libc++.1.dylib
0x00007fff2a8cf000 	/usr/lib/libcompression.dylib
0x00007fff24c41000 	/usr/lib/libMobileGestalt.dylib
0x00007fff2bead000 	/System/Library/PrivateFrameworks/TextureIO.framework/Versions/A/TextureIO
0x00007fff2aef5000 	/usr/lib/libate.dylib
0x00007fff2a651000 	/usr/lib/system/libcache.dylib
0x00007fff2a60d000 	/usr/lib/system/libcommonCrypto.dylib
0x00007fff2a637000 	/usr/lib/system/libcompiler_rt.dylib
0x00007fff2a62c000 	/usr/lib/system/libcopyfile.dylib
0x00007fff201da000 	/usr/lib/system/libcorecrypto.dylib
0x00007fff202a7000 	/usr/lib/system/libdispatch.dylib
0x00007fff2045b000 	/usr/lib/system/libdyld.dylib
0x00007fff2a648000 	/usr/lib/system/libkeymgr.dylib
0x00007fff2da90000 	/usr/lib/system/liblaunch.dylib
0x00007fff2a5eb000 	/usr/lib/system/libmacho.dylib
0x00007fff29e05000 	/usr/lib/system/libquarantine.dylib
0x00007fff2a645000 	/usr/lib/system/libremovefile.dylib
0x00007fff24c9d000 	/usr/lib/system/libsystem_asl.dylib
0x00007fff2018a000 	/usr/lib/system/libsystem_blocks.dylib
0x00007fff20328000 	/usr/lib/system/libsystem_c.dylib
0x00007fff2a63f000 	/usr/lib/system/libsystem_collections.dylib
0x00007fff290f9000 	/usr/lib/system/libsystem_configuration.dylib
0x00007fff283ec000 	/usr/lib/system/libsystem_containermanager.dylib
0x00007fff2a387000 	/usr/lib/system/libsystem_coreservices.dylib
0x00007fff228ba000 	/usr/lib/system/libsystem_darwin.dylib
0x00007fff2a649000 	/usr/lib/system/libsystem_dnssd.dylib
0x00007fff20325000 	/usr/lib/system/libsystem_featureflags.dylib
0x00007fff204a0000 	/usr/lib/system/libsystem_info.dylib
0x00007fff2a5a2000 	/usr/lib/system/libsystem_m.dylib
0x00007fff2027a000 	/usr/lib/system/libsystem_malloc.dylib
0x00007fff24c31000 	/usr/lib/system/libsystem_networkextension.dylib
0x00007fff22cd5000 	/usr/lib/system/libsystem_notify.dylib
0x00007fff2ff44000 	/usr/lib/system/libsystem_product_info_filter.dylib
0x00007fff290fd000 	/usr/lib/system/libsystem_sandbox.dylib
0x00007fff2a642000 	/usr/lib/system/libsystem_secinit.dylib
0x00007fff20420000 	/usr/lib/system/libsystem_kernel.dylib
0x00007fff20496000 	/usr/lib/system/libsystem_platform.dylib
0x00007fff2044f000 	/usr/lib/system/libsystem_pthread.dylib
0x00007fff2639c000 	/usr/lib/system/libsystem_symptoms.dylib
0x00007fff201c2000 	/usr/lib/system/libsystem_trace.dylib
0x00007fff2a619000 	/usr/lib/system/libunwind.dylib
0x00007fff2018c000 	/usr/lib/system/libxpc.dylib
0x00007fff20407000 	/usr/lib/libc++abi.dylib
0x00007fff2a624000 	/usr/lib/liboah.dylib
0x00007fff2acda000 	/usr/lib/liblzma.5.dylib
0x00007fff20f8d000 	/System/Library/Frameworks/SystemConfiguration.framework/Versions/A/SystemConfiguration
0x00007fff2a659000 	/usr/lib/libfakelink.dylib
0x00007fff24793000 	/System/Library/Frameworks/CFNetwork.framework/Versions/A/CFNetwork
0x00007fff2a799000 	/usr/lib/libarchive.2.dylib
0x00007fff2100b000 	/usr/lib/libCRFSuite.dylib
0x00007fff29e2c000 	/usr/lib/libbsm.0.dylib
0x00007fff2414f000 	/usr/lib/libnetwork.dylib
0x00007fff2a65e000 	/usr/lib/libpcap.A.dylib
0x00007fff26395000 	/usr/lib/libdns_services.dylib
0x00007fff2acf3000 	/usr/lib/libcoretls_cfhelpers.dylib
0x00007fff2a89d000 	/usr/lib/libapple_nghttp2.dylib
0x00007fff2a5f1000 	/usr/lib/system/libkxld.dylib
0x00007fff25ffb000 	/usr/lib/libsqlite3.dylib
0x00007fff2a369000 	/System/Library/PrivateFrameworks/AppleFSCompression.framework/Versions/A/AppleFSCompression
0x00007fff29e14000 	/usr/lib/libcoretls.dylib
0x00007fff2a8ca000 	/usr/lib/libpam.2.dylib
0x00007fff2adf0000 	/usr/lib/libxar.1.dylib
0x00007fff29104000 	/System/Library/PrivateFrameworks/AppleSystemInfo.framework/Versions/A/AppleSystemInfo
0x00007fff29a57000 	/System/Library/PrivateFrameworks/IOMobileFramebuffer.framework/Versions/A/IOMobileFramebuffer
0x00007fff2a379000 	/usr/lib/libbz2.1.0.dylib
0x00007fff2a696000 	/usr/lib/libiconv.2.dylib
0x00007fff2a5ea000 	/usr/lib/libcharset.1.dylib
0x00007fff2725e000 	/System/Library/Frameworks/CoreServices.framework/Versions/A/Frameworks/FSEvents.framework/Versions/A/FSEvents
0x00007fff228c4000 	/System/Library/Frameworks/CoreServices.framework/Versions/A/Frameworks/CarbonCore.framework/Versions/A/CarbonCore
0x00007fff2659e000 	/System/Library/Frameworks/CoreServices.framework/Versions/A/Frameworks/Metadata.framework/Versions/A/Metadata
0x00007fff2a38c000 	/System/Library/Frameworks/CoreServices.framework/Versions/A/Frameworks/OSServices.framework/Versions/A/OSServices
0x00007fff2a80b000 	/System/Library/Frameworks/CoreServices.framework/Versions/A/Frameworks/SearchKit.framework/Versions/A/SearchKit
0x00007fff2631f000 	/System/Library/Frameworks/CoreServices.framework/Versions/A/Frameworks/AE.framework/Versions/A/AE
0x00007fff20968000 	/System/Library/Frameworks/CoreServices.framework/Versions/A/Frameworks/LaunchServices.framework/Versions/A/LaunchServices
0x00007fff2ac8b000 	/System/Library/Frameworks/CoreServices.framework/Versions/A/Frameworks/DictionaryServices.framework/Versions/A/DictionaryServices
0x00007fff27267000 	/System/Library/Frameworks/CoreServices.framework/Versions/A/Frameworks/SharedFileList.framework/Versions/A/SharedFileList
0x00007fff29e08000 	/usr/lib/libCheckFix.dylib
0x00007fff24cb4000 	/System/Library/PrivateFrameworks/TCC.framework/Versions/A/TCC
0x00007fff2910a000 	/System/Library/PrivateFrameworks/CoreNLP.framework/Versions/A/CoreNLP
0x00007fff26551000 	/System/Library/PrivateFrameworks/MetadataUtilities.framework/Versions/A/MetadataUtilities
0x00007fff21041000 	/usr/lib/libmecabra.dylib
0x00007fff2a11b000 	/System/Library/Frameworks/MLCompute.framework/Versions/A/MLCompute
0x00007fff29e3d000 	/usr/lib/libmecab.dylib
0x00007fff29e87000 	/usr/lib/libgermantok.dylib
0x00007fff2a873000 	/usr/lib/libThaiTokenizer.dylib
0x00007fff2ae2b000 	/usr/lib/libChineseTokenizer.dylib
0x00007fff2a8c8000 	/System/Library/Frameworks/MetalPerformanceShaders.framework/Versions/A/MetalPerformanceShaders
0x00007fff26640000 	/System/Library/Frameworks/Accelerate.framework/Versions/A/Frameworks/vImage.framework/Versions/A/vImage
0x00007fff3001f000 	/System/Library/Frameworks/Accelerate.framework/Versions/A/Frameworks/vecLib.framework/Versions/A/vecLib
0x00007fff2ae36000 	/System/Library/Frameworks/Accelerate.framework/Versions/A/Frameworks/vecLib.framework/Versions/A/libvMisc.dylib
0x00007fff29870000 	/System/Library/Frameworks/Accelerate.framework/Versions/A/Frameworks/vecLib.framework/Versions/A/libvDSP.dylib
0x00007fff20c6c000 	/System/Library/Frameworks/Accelerate.framework/Versions/A/Frameworks/vecLib.framework/Versions/A/libBLAS.dylib
0x00007fff2a8ee000 	/System/Library/Frameworks/Accelerate.framework/Versions/A/Frameworks/vecLib.framework/Versions/A/libLAPACK.dylib
0x00007fff29e8d000 	/System/Library/Frameworks/Accelerate.framework/Versions/A/Frameworks/vecLib.framework/Versions/A/libLinearAlgebra.dylib
0x00007fff2a8b5000 	/System/Library/Frameworks/Accelerate.framework/Versions/A/Frameworks/vecLib.framework/Versions/A/libSparseBLAS.dylib
0x00007fff2a8e8000 	/System/Library/Frameworks/Accelerate.framework/Versions/A/Frameworks/vecLib.framework/Versions/A/libQuadrature.dylib
0x00007fff291b2000 	/System/Library/Frameworks/Accelerate.framework/Versions/A/Frameworks/vecLib.framework/Versions/A/libBNNS.dylib
0x00007fff20f1e000 	/System/Library/Frameworks/Accelerate.framework/Versions/A/Frameworks/vecLib.framework/Versions/A/libSparse.dylib
0x00007fff2909d000 	/System/Library/Frameworks/MetalPerformanceShaders.framework/Versions/A/Frameworks/MPSCore.framework/Versions/A/MPSCore
0x00007fff2a2d8000 	/System/Library/Frameworks/MetalPerformanceShaders.framework/Versions/A/Frameworks/MPSImage.framework/Versions/A/MPSImage
0x00007fff29ea3000 	/System/Library/Frameworks/MetalPerformanceShaders.framework/Versions/A/Frameworks/MPSNeuralNetwork.framework/Versions/A/MPSNeuralNetwork
0x00007fff2a263000 	/System/Library/Frameworks/MetalPerformanceShaders.framework/Versions/A/Frameworks/MPSMatrix.framework/Versions/A/MPSMatrix
0x00007fff2a0cb000 	/System/Library/Frameworks/MetalPerformanceShaders.framework/Versions/A/Frameworks/MPSRayIntersector.framework/Versions/A/MPSRayIntersector
0x00007fff2a29a000 	/System/Library/Frameworks/MetalPerformanceShaders.framework/Versions/A/Frameworks/MPSNDArray.framework/Versions/A/MPSNDArray
0x00007fff20b98000 	/System/Library/PrivateFrameworks/MetalTools.framework/Versions/A/MetalTools
0x00007fff29102000 	/System/Library/PrivateFrameworks/AggregateDictionary.framework/Versions/A/AggregateDictionary
0x00007fff26529000 	/System/Library/PrivateFrameworks/CoreAnalytics.framework/Versions/A/CoreAnalytics
0x00007fff2a875000 	/System/Library/PrivateFrameworks/AppleSauce.framework/Versions/A/AppleSauce
0x00007fff2840f000 	/System/Library/PrivateFrameworks/IOAccelerator.framework/Versions/A/IOAccelerator
0x00007fff6c9a4000 	/System/Library/Frameworks/OpenGL.framework/Versions/A/Libraries/libCoreFSCache.dylib
0x00007fff215dd000 	/System/Library/PrivateFrameworks/LanguageModeling.framework/Versions/A/LanguageModeling
0x00007fff29a44000 	/System/Library/PrivateFrameworks/CoreEmoji.framework/Versions/A/CoreEmoji
0x00007fff291ab000 	/System/Library/PrivateFrameworks/LinguisticData.framework/Versions/A/LinguisticData
0x00007fff20ed0000 	/System/Library/PrivateFrameworks/Lexicon.framework/Versions/A/Lexicon
0x00007fff2a787000 	/usr/lib/libcmph.dylib
0x00007fff2723e000 	/System/Library/Frameworks/OpenDirectory.framework/Versions/A/Frameworks/CFOpenDirectory.framework/Versions/A/CFOpenDirectory
0x00007fff2722e000 	/System/Library/Frameworks/OpenDirectory.framework/Versions/A/OpenDirectory
0x00007fff2acf5000 	/System/Library/PrivateFrameworks/APFS.framework/Versions/A/APFS
0x00007fff29d69000 	/System/Library/Frameworks/SecurityFoundation.framework/Versions/A/SecurityFoundation
0x00007fff2adfe000 	/usr/lib/libutil.dylib
0x00007fff22beb000 	/System/Library/PrivateFrameworks/CoreServicesStore.framework/Versions/A/CoreServicesStore
0x00007fff29e00000 	/System/Library/Frameworks/ServiceManagement.framework/Versions/A/ServiceManagement
0x00007fff2ae02000 	/usr/lib/libxslt.1.dylib
0x00007fff29df6000 	/System/Library/PrivateFrameworks/BackgroundTaskManagement.framework/Versions/A/BackgroundTaskManagement
0x00007fff2bdf7000 	/System/Library/Frameworks/ImageIO.framework/Versions/A/Resources/libRadiance.dylib
0x00007fff2be01000 	/System/Library/Frameworks/ImageIO.framework/Versions/A/Resources/libJPEG.dylib
0x00007fff2bd4c000 	/System/Library/Frameworks/ImageIO.framework/Versions/A/Resources/libPng.dylib
0x00007fff2bd73000 	/System/Library/Frameworks/ImageIO.framework/Versions/A/Resources/libTIFF.dylib
0x00007fff2be56000 	/System/Library/Frameworks/ImageIO.framework/Versions/A/Resources/libGIF.dylib
0x00007fff2baaf000 	/System/Library/Frameworks/ImageIO.framework/Versions/A/Resources/libJP2.dylib
0x00007fff2b199000 	/usr/lib/libexpat.1.dylib
0x00007fff2ba64000 	/System/Library/PrivateFrameworks/AppleJPEG.framework/Versions/A/AppleJPEG
0x00007fff28645000 	/System/Library/PrivateFrameworks/FontServices.framework/libFontParser.dylib
0x00007fff262d3000 	/System/Library/PrivateFrameworks/RunningBoardServices.framework/Versions/A/RunningBoardServices
0x00007fff2bb8e000 	/System/Library/PrivateFrameworks/WatchdogClient.framework/Versions/A/WatchdogClient
0x00007fff216ca000 	/System/Library/Frameworks/CoreDisplay.framework/Versions/A/CoreDisplay
0x00007fff2855b000 	/System/Library/Frameworks/CoreMedia.framework/Versions/A/CoreMedia
0x00007fff273bb000 	/System/Library/Frameworks/CoreVideo.framework/Versions/A/CoreVideo
0x00007fff2bbc6000 	/System/Library/Frameworks/VideoToolbox.framework/Versions/A/VideoToolbox
0x00007fff26251000 	/System/Library/PrivateFrameworks/BaseBoard.framework/Versions/A/BaseBoard
0x00007fff2b2de000 	/System/Library/PrivateFrameworks/PersistentConnection.framework/Versions/A/PersistentConnection
0x00007fff25fe4000 	/System/Library/PrivateFrameworks/ProtocolBuffer.framework/Versions/A/ProtocolBuffer
0x00007fff26238000 	/System/Library/PrivateFrameworks/CommonUtilities.framework/Versions/A/CommonUtilities
0x00007fff2b9f9000 	/System/Library/PrivateFrameworks/Bom.framework/Versions/A/Bom
0x00007fff2bdf0000 	/System/Library/PrivateFrameworks/GPUWrangler.framework/Versions/A/GPUWrangler
0x00007fff2bdd3000 	/System/Library/PrivateFrameworks/IOPresentment.framework/Versions/A/IOPresentment
0x00007fff2bdfb000 	/System/Library/PrivateFrameworks/DSExternalDisplay.framework/Versions/A/DSExternalDisplay
0x00007fff2be5b000 	/System/Library/PrivateFrameworks/CMCaptureCore.framework/Versions/A/CMCaptureCore
0x00007fff2b77e000 	/System/Library/PrivateFrameworks/AppServerSupport.framework/Versions/A/AppServerSupport
0x00007fff2d82f000 	/System/Library/PrivateFrameworks/perfdata.framework/Versions/A/perfdata
0x00007fff29d58000 	/System/Library/PrivateFrameworks/AssertionServices.framework/Versions/A/AssertionServices
0x00007fff21801000 	/System/Library/PrivateFrameworks/AudioToolboxCore.framework/Versions/A/AudioToolboxCore
0x00007fff2853e000 	/System/Library/PrivateFrameworks/caulk.framework/Versions/A/caulk
0x00007fff3d4da000 	/System/Library/PrivateFrameworks/SystemPolicy.framework/Versions/A/SystemPolicy
0x00007fff2af8e000 	/usr/lib/libIOReport.dylib
0x00007fff2d051000 	/usr/lib/libSMC.dylib
0x00007fff2bd19000 	/usr/lib/libAudioToolboxUtility.dylib
0x00007fff3de44000 	/usr/lib/libmis.dylib
0x00007fff6ca00000 	/System/Library/Frameworks/OpenGL.framework/Versions/A/Libraries/libGLU.dylib
0x00007fff6c9c3000 	/System/Library/Frameworks/OpenGL.framework/Versions/A/Libraries/libGFXShared.dylib
0x00007fff6cbd2000 	/System/Library/Frameworks/OpenGL.framework/Versions/A/Libraries/libGL.dylib
0x00007fff6c9cc000 	/System/Library/Frameworks/OpenGL.framework/Versions/A/Libraries/libGLImage.dylib
0x00007fff6c9c0000 	/System/Library/Frameworks/OpenGL.framework/Versions/A/Libraries/libCVMSPluginSupport.dylib
0x00007fff6c9ab000 	/System/Library/Frameworks/OpenGL.framework/Versions/A/Libraries/libCoreVMClient.dylib
0x00007fff6e013000 	/System/Library/Frameworks/OpenCL.framework/Versions/A/OpenCL
0x00007fff2b308000 	/System/Library/PrivateFrameworks/GraphVisualizer.framework/Versions/A/GraphVisualizer
0x00007fff2b317000 	/System/Library/PrivateFrameworks/FaceCore.framework/Versions/A/FaceCore
0x00007fff2b733000 	/System/Library/PrivateFrameworks/OTSVG.framework/Versions/A/OTSVG
0x00007fff26fb2000 	/System/Library/Frameworks/ApplicationServices.framework/Versions/A/Frameworks/ATS.framework/Versions/A/Resources/libFontRegistry.dylib
0x00007fff2b785000 	/System/Library/PrivateFrameworks/FontServices.framework/libhvf.dylib
0x00007fff2b145000 	/System/Library/PrivateFrameworks/AppleVA.framework/Versions/A/AppleVA
0x00007fff2ce9a000 	/System/Library/Frameworks/ApplicationServices.framework/Versions/A/Frameworks/ATS.framework/Versions/A/ATS
0x00007fff2d1ac000 	/System/Library/Frameworks/ApplicationServices.framework/Versions/A/Frameworks/ColorSyncLegacy.framework/Versions/A/ColorSyncLegacy
0x00007fff257be000 	/System/Library/Frameworks/ApplicationServices.framework/Versions/A/Frameworks/HIServices.framework/Versions/A/HIServices
0x00007fff2d191000 	/System/Library/Frameworks/ApplicationServices.framework/Versions/A/Frameworks/LangAnalysis.framework/Versions/A/LangAnalysis
0x00007fff2be65000 	/System/Library/Frameworks/ApplicationServices.framework/Versions/A/Frameworks/PrintCore.framework/Versions/A/PrintCore
0x00007fff2d1b4000 	/System/Library/Frameworks/ApplicationServices.framework/Versions/A/Frameworks/QD.framework/Versions/A/QD
0x00007fff2ce8a000 	/System/Library/Frameworks/ApplicationServices.framework/Versions/A/Frameworks/SpeechSynthesis.framework/Versions/A/SpeechSynthesis
0x00007fff2be26000 	/System/Library/Frameworks/ApplicationServices.framework/Versions/A/Frameworks/ATSUI.framework/Versions/A/ATSUI
0x00007fff2d131000 	/usr/lib/libcups.2.dylib
0x00007fff2d1a1000 	/System/Library/PrivateFrameworks/NetAuth.framework/Versions/A/NetAuth
0x00007fff2d84b000 	/System/Library/Frameworks/Kerberos.framework/Versions/A/Kerberos
0x00007fff2d85b000 	/System/Library/Frameworks/GSS.framework/Versions/A/GSS
0x00007fff2cf06000 	/usr/lib/libresolv.9.dylib
0x00007fff2b79a000 	/System/Library/PrivateFrameworks/Heimdal.framework/Versions/A/Heimdal
0x00007fff335df000 	/System/Library/Frameworks/Kerberos.framework/Versions/A/Libraries/libHeimdalProxy.dylib
0x00007fff263a4000 	/System/Library/Frameworks/Network.framework/Versions/A/Network
0x00007fff2b1b3000 	/usr/lib/libheimdal-asn1.dylib
0x00007fff2d8ab000 	/System/Library/PrivateFrameworks/CommonAuth.framework/Versions/A/CommonAuth
0x00007fff27408000 	/System/Library/PrivateFrameworks/login.framework/Versions/A/Frameworks/loginsupport.framework/Versions/A/loginsupport
0x00007fff2ce0f000 	/System/Library/PrivateFrameworks/AudioSession.framework/Versions/A/AudioSession
0x00007fff2ce77000 	/usr/lib/libAudioStatistics.dylib
0x00007fff2b240000 	/System/Library/PrivateFrameworks/MediaExperience.framework/Versions/A/MediaExperience
0x00007fff2ccac000 	/System/Library/PrivateFrameworks/AudioSession.framework/libSessionUtility.dylib
0x00007fff2d83c000 	/usr/lib/libperfcheck.dylib
0x00007fff2d1c0000 	/System/Library/PrivateFrameworks/AudioResourceArbitration.framework/Versions/A/AudioResourceArbitration
0x00007fff2b1bd000 	/System/Library/PrivateFrameworks/IconFoundation.framework/Versions/A/IconFoundation
0x00007fff2fce9000 	/System/Library/PrivateFrameworks/SpeechRecognitionCore.framework/Versions/A/SpeechRecognitionCore
0x0000000112800000 	/Users/zhangjin/anaconda3/lib/server/libjvm.dylib
0x000000010c0a2000 	/Users/zhangjin/anaconda3/lib/libverify.dylib
0x000000010c0b3000 	/Users/zhangjin/anaconda3/lib/libjava.dylib
0x000000010c129000 	/Users/zhangjin/anaconda3/lib/libzip.dylib
0x000000010c135000 	/Users/zhangjin/anaconda3/lib/libjimage.dylib


VM Arguments:
java_command: getsp -test
java_class_path (initial): /Users/zhangjin/anaconda3/lib/R/share/java
Launcher Type: SUN_STANDARD

[Global flags]
     uint G1ConcRefinementThreads                  = 10                                        {product} {ergonomic}
    uintx GCDrainStackTargetSize                   = 64                                        {product} {ergonomic}
   size_t InitialHeapSize                          = 268435456                                 {product} {ergonomic}
   size_t MaxHeapSize                              = 4294967296                                {product} {ergonomic}
    uintx ReservedCodeCacheSize                    = 251658240                              {pd product} {ergonomic}
     bool SegmentedCodeCache                       = true                                      {product} {ergonomic}
     bool UseCompressedClassPointers               = true                                 {lp64_product} {ergonomic}
     bool UseCompressedOops                        = true                                 {lp64_product} {ergonomic}
     bool UseG1GC                                  = true                                      {product} {ergonomic}

Logging:
Log output configuration:
 #0: stdout all=warning uptime,level,tags
 #1: stderr all=off uptime,level,tags

Environment Variables:
PATH=/Users/zhangjin/anaconda3/bin:/Users/zhangjin/anaconda3/condabin:/Users/zhangjin/.pyenv/shims:/usr/local/sbin:/usr/local/sbin:/usr/local/bin:/usr/bin:/bin:/usr/sbin:/sbin:/Applications/VMware Fusion.app/Contents/Public:/Library/TeX/texbin:/Library/Apple/usr/bin:/Users/zhangjin/.pyenv/versions/3.8.2/bin:/usr/local/Cellar/pyenv/1.2.26/libexec:/Users/zhangjin/.pyenv/plugins/pyenv-virtualenv/bin:/usr/local/Cellar/pyenv/1.2.26/plugins/python-build/bin:/Users/zhangjin/.pyenv/shims:/Library/Frameworks/Python.framework/Versions/3.6/bin:/Users/zhangjin/anaconda3:/Users/zhangjin/Qt/5.14.2/clang_64/bin:/usr/local/opt/openjdk@11/bin:/Users/zhangjin/anaconda3/bin:/Users/zhangjin/anaconda3/condabin:/usr/local/sbin:/Users/zhangjin/Qt/5.14.2/bin
SHELL=/bin/zsh

Signal Handlers:
SIGSEGV: [libjvm.dylib+0x7429f0], sa_mask[0]=11111111011111110111111111111111, sa_flags=SA_ONSTACK|SA_RESTART|SA_SIGINFO
SIGBUS: [libjvm.dylib+0x7429f0], sa_mask[0]=11111111011111110111111111111111, sa_flags=SA_RESTART|SA_SIGINFO
SIGFPE: [libjvm.dylib+0x7429f0], sa_mask[0]=11111111011111110111111111111111, sa_flags=SA_RESTART|SA_SIGINFO
SIGPIPE: [libjvm.dylib+0x5f4767], sa_mask[0]=11111111011111110111111111111111, sa_flags=SA_RESTART|SA_SIGINFO
SIGXFSZ: [libjvm.dylib+0x5f4767], sa_mask[0]=11111111011111110111111111111111, sa_flags=SA_RESTART|SA_SIGINFO
SIGILL: [libjvm.dylib+0x7429f0], sa_mask[0]=11111111011111110111111111111111, sa_flags=SA_RESTART|SA_SIGINFO
SIGUSR2: [libjvm.dylib+0x5f4d51], sa_mask[0]=00000000000000000000000000000000, sa_flags=SA_RESTART|SA_SIGINFO
SIGHUP: SIG_DFL, sa_mask[0]=00000000000000000000000000000000, sa_flags=none
SIGINT: SIG_DFL, sa_mask[0]=00000000000000000000000000000000, sa_flags=none
SIGTERM: SIG_DFL, sa_mask[0]=00000000000000000000000000000000, sa_flags=SA_RESTART
SIGQUIT: SIG_DFL, sa_mask[0]=00000000000000000000000000000000, sa_flags=none


---------------  S Y S T E M  ---------------

OS:uname:Darwin 20.3.0 Darwin Kernel Version 20.3.0: Thu Jan 21 00:07:06 PST 2021; root:xnu-7195.81.3~1/RELEASE_X86_64 x86_64
rlimit: STACK 8192k, CORE 0k, NPROC 2784, NOFILE 10240, AS infinity, DATA infinity, FSIZE infinity
load average:1.94 2.36 2.36

CPU:total 12 (initial active 12) 

Memory: 4k page, physical 16777216k(62352k free), swap 2097152k(1497344k free)

vm_info: OpenJDK 64-Bit Server VM (11.0.6+8-b765.1) for bsd-amd64 JRE (11.0.6+8-b765.1), built on Feb 21 2020 17:31:52 by "builduser" with gcc 4.2.1 Compatible Apple LLVM 10.0.0 (clang-1000.10.44.4)

END.
